<?xml version="1.0" encoding="UTF-8" ?>
<testsuite tests="3" failures="0" name="io.doanjohn.amazon.coding.amazon_codetest_alexa_steakhouses.ClosestSteakhousesTest" time="0.03" errors="0" skipped="0">
  <properties>
    <property name="java.runtime.name" value="Java(TM) SE Runtime Environment"/>
    <property name="sun.boot.library.path" value="C:\Programs\Java\jdk1.8.0_172\jre\bin"/>
    <property name="java.vm.version" value="25.172-b11"/>
    <property name="java.vm.vendor" value="Oracle Corporation"/>
    <property name="maven.multiModuleProjectDirectory" value="/cygdrive/c/__github/github_com/turlole/sandbox-samples/amazon-codetest-alexa-steakhouses"/>
    <property name="java.vendor.url" value="http://java.oracle.com/"/>
    <property name="path.separator" value=";"/>
    <property name="guice.disable.misplaced.annotation.check" value="true"/>
    <property name="java.vm.name" value="Java HotSpot(TM) 64-Bit Server VM"/>
    <property name="file.encoding.pkg" value="sun.io"/>
    <property name="user.script" value=""/>
    <property name="user.country" value="US"/>
    <property name="sun.java.launcher" value="SUN_STANDARD"/>
    <property name="sun.os.patch.level" value=""/>
    <property name="java.vm.specification.name" value="Java Virtual Machine Specification"/>
    <property name="user.dir" value="C:\__github\github_com\turlole\sandbox-samples\amazon-codetest-alexa-steakhouses"/>
    <property name="java.runtime.version" value="1.8.0_172-b11"/>
    <property name="java.awt.graphicsenv" value="sun.awt.Win32GraphicsEnvironment"/>
    <property name="java.endorsed.dirs" value="C:\Programs\Java\jdk1.8.0_172\jre\lib\endorsed"/>
    <property name="os.arch" value="amd64"/>
    <property name="java.io.tmpdir" value="C:\cygwin64\tmp\"/>
    <property name="line.separator" value="
"/>
    <property name="java.vm.specification.vendor" value="Oracle Corporation"/>
    <property name="user.variant" value=""/>
    <property name="os.name" value="Windows 10"/>
    <property name="classworlds.conf" value="C:\Programs\apache-maven-3.3.3/bin/m2.conf"/>
    <property name="sun.jnu.encoding" value="Cp1252"/>
    <property name="java.library.path" value="C:\Programs\Java\jdk1.8.0_172\bin;C:\WINDOWS\Sun\Java\bin;C:\WINDOWS\system32;C:\WINDOWS;C:\Programs\groovy\groovy-2.4.8\bin;C:\Programs\redis\redis-3.2.6;C:\Programs\kafka\kafka_2.11-0.10.1.1\bin;C:\Programs\Amazon\AWSCLI;C:\Programs\node-v10.3.0-x64;C:\Programs (x86)\scala\2.12.1\bin;C:\Programs\Go\1.7.5\bin;C:\Programs\Java\jdk1.8.0_172\bin;C:\__home\apps\bin;C:\cygwin64\usr\local\bin;C:\cygwin64\bin;C:\Programs\ConEmu\ConEmu\Scripts;C:\Programs\ConEmu;C:\Programs\ConEmu\ConEmu;C:\Program Files (x86)\Common Files\Oracle\Java\javapath;C:\WINDOWS\system32;C:\WINDOWS;C:\WINDOWS\System32\Wbem;C:\WINDOWS\System32\WindowsPowerShell\v1.0;C:\WINDOWS\System32\OpenSSH;C:\Programs\Git-2.17.1.2-64\cmd;C:\Program Files\dotnet;C:\Programs\node-v10.3.0-x64;C:\Users\tuantz\AppData\Local\Microsoft\WindowsApps;C:\Programs\Microsoft VS Code-x64-1.23.1\bin;C:\Users\tuantz\.dotnet\tools;C:\Users\tuantz\AppData\Roaming\npm;C:\cygwin64\lib\lapack;C:\Programs\apache-maven-3.3.3\bin;C:\Programs\apache-tomcat\apache-tomcat-8.5.11\bin;C:\Programs\jetty-distribution-9.1.2.v20140210\bin\bin;C:\Programs\gradle\gradle-3.3\bin;C:\Programs\cf-cli\cf-cli_6.23.1_winx64;C:\Programs\nircmd-x64;C:\Programs\spring-boot-cli\spring-1.4.4.RELEASE\bin;C:\Programs\mongodb-win32-x86_64-2008plus-ssl-4.0.2-signed\bin;C:\Programs\apache-cassandra-3.0.17\bin;C:\Programs\apache-httpd\httpd-2.4.25-x86-vc14-r1\bin;C:\Programs\Python27;C:\Programs\Python27\Scripts;C:\Programs\WinRAR;C:\Programs (x86)\Minimal ADB and Fastboot;C:\Program\ Files\dotnet;."/>
    <property name="java.specification.name" value="Java Platform API Specification"/>
    <property name="java.class.version" value="52.0"/>
    <property name="sun.management.compiler" value="HotSpot 64-Bit Tiered Compilers"/>
    <property name="os.version" value="10.0"/>
    <property name="user.home" value="C:\Users\tuantz"/>
    <property name="user.timezone" value="America/Chicago"/>
    <property name="java.awt.printerjob" value="sun.awt.windows.WPrinterJob"/>
    <property name="java.specification.version" value="1.8"/>
    <property name="file.encoding" value="Cp1252"/>
    <property name="user.name" value="tuantz"/>
    <property name="java.class.path" value="C:\Programs\apache-maven-3.3.3/boot/plexus-classworlds-2.5.2.jar"/>
    <property name="java.vm.specification.version" value="1.8"/>
    <property name="sun.arch.data.model" value="64"/>
    <property name="java.home" value="C:\Programs\Java\jdk1.8.0_172\jre"/>
    <property name="sun.java.command" value="org.codehaus.plexus.classworlds.launcher.Launcher clean package"/>
    <property name="java.specification.vendor" value="Oracle Corporation"/>
    <property name="user.language" value="en"/>
    <property name="awt.toolkit" value="sun.awt.windows.WToolkit"/>
    <property name="java.vm.info" value="mixed mode"/>
    <property name="java.version" value="1.8.0_172"/>
    <property name="java.ext.dirs" value="C:\Programs\Java\jdk1.8.0_172\jre\lib\ext;C:\WINDOWS\Sun\Java\lib\ext"/>
    <property name="sun.boot.class.path" value="C:\Programs\Java\jdk1.8.0_172\jre\lib\resources.jar;C:\Programs\Java\jdk1.8.0_172\jre\lib\rt.jar;C:\Programs\Java\jdk1.8.0_172\jre\lib\sunrsasign.jar;C:\Programs\Java\jdk1.8.0_172\jre\lib\jsse.jar;C:\Programs\Java\jdk1.8.0_172\jre\lib\jce.jar;C:\Programs\Java\jdk1.8.0_172\jre\lib\charsets.jar;C:\Programs\Java\jdk1.8.0_172\jre\lib\jfr.jar;C:\Programs\Java\jdk1.8.0_172\jre\classes"/>
    <property name="sun.stderr.encoding" value="cp437"/>
    <property name="java.vendor" value="Oracle Corporation"/>
    <property name="maven.home" value="C:\Programs\apache-maven-3.3.3"/>
    <property name="file.separator" value="\"/>
    <property name="java.vendor.url.bug" value="http://bugreport.sun.com/bugreport/"/>
    <property name="sun.cpu.endian" value="little"/>
    <property name="sun.io.unicode.encoding" value="UnicodeLittle"/>
    <property name="sun.stdout.encoding" value="cp437"/>
    <property name="sun.desktop" value="windows"/>
    <property name="sun.cpu.isalist" value="amd64"/>
  </properties>
  <testcase classname="io.doanjohn.amazon.coding.amazon_codetest_alexa_steakhouses.ClosestSteakhousesTest" name="testRequestMoreThanAvailable" time="0.013"/>
  <testcase classname="io.doanjohn.amazon.coding.amazon_codetest_alexa_steakhouses.ClosestSteakhousesTest" name="testClosestOneSteakhouse" time="0.005"/>
  <testcase classname="io.doanjohn.amazon.coding.amazon_codetest_alexa_steakhouses.ClosestSteakhousesTest" name="testClosestMultipleSteakhouses" time="0.012"/>
</testsuite>